Building DAG of jobs...
Using shell: /usr/bin/bash
Provided cores: 12
Rules claiming more threads will be scaled down.
Job stats:
job              count    min threads    max threads
-------------  -------  -------------  -------------
flye_assemble        1             10             10
total                1             10             10

Select jobs to execute...

[Tue Aug 15 22:56:03 2023]
rule flye_assemble:
    input: data/reads/barcode12_rapid.fastq
    output: assembly/assembly.fasta, assembly/assembly_graph.gfa, assembly/assembly_info.txt
    log: logs/assembly/assembly.log
    jobid: 0
    threads: 10
    resources: tmpdir=/tmp

[Tue Aug 15 23:08:13 2023]
Finished job 0.
1 of 1 steps (100%) done
Complete log: /home/lel005/Documents/minion_practice/.snakemake/log/2023-08-15T225603.225765.snakemake.log
