Building DAG of jobs...
Using shell: /usr/bin/bash
Provided cores: 12
Rules claiming more threads will be scaled down.
Job stats:
job        count    min threads    max threads
-------  -------  -------------  -------------
read_qc        1              8              8
total          1              8              8

Select jobs to execute...

[Tue Aug 15 18:13:36 2023]
rule read_qc:
    input: data/reads/barcode12_rapid.fastq
    output: read_prep/reads_trim.fastq
    log: logs/read_prep/reads_trim.logs
    jobid: 0
    threads: 8
    resources: tmpdir=/tmp

[Tue Aug 15 18:13:46 2023]
Finished job 0.
1 of 1 steps (100%) done
Complete log: /home/lel005/Documents/minion_practice/.snakemake/log/2023-08-15T181336.657174.snakemake.log
