Building DAG of jobs...
Using shell: /usr/bin/bash
Provided cores: 12
Rules claiming more threads will be scaled down.
Job stats:
job              count    min threads    max threads
-------------  -------  -------------  -------------
flye_assemble        1             10             10
read_qc              1              8              8
total                2              8             10

Select jobs to execute...

[Tue Aug 15 23:52:22 2023]
rule read_qc:
    input: data/reads/barcode12_rapid.fastq
    output: read_prep/reads_trim.fastq
    log: logs/read_prep/reads_trim.logs
    jobid: 1
    threads: 8
    resources: tmpdir=/tmp

[Tue Aug 15 23:56:19 2023]
Finished job 1.
1 of 2 steps (50%) done
Select jobs to execute...

[Tue Aug 15 23:56:19 2023]
rule flye_assemble:
    input: read_prep/reads_trim.fastq
    output: assembly/assembly.fasta, assembly/assembly_graph.gfa, assembly/assembly_info.txt
    log: logs/assembly/assembly.log
    jobid: 0
    threads: 10
    resources: tmpdir=/tmp

[Tue Aug 15 23:57:43 2023]
Finished job 0.
2 of 2 steps (100%) done
Complete log: /home/lel005/Documents/minion_practice/.snakemake/log/2023-08-15T235221.818402.snakemake.log
